#
# There is insufficient memory for the Java Runtime Environment to continue.
# Native memory allocation (malloc) failed to allocate 1109376 bytes for Chunk::new
# Possible reasons:
#   The system is out of physical RAM or swap space
#   The process is running with CompressedOops enabled, and the Java Heap may be blocking the growth of the native heap
# Possible solutions:
#   Reduce memory load on the system
#   Increase physical memory or swap space
#   Check if swap backing store is full
#   Decrease Java heap size (-Xmx/-Xms)
#   Decrease number of Java threads
#   Decrease Java thread stack sizes (-Xss)
#   Set larger code cache with -XX:ReservedCodeCacheSize=
#   JVM is running with Unscaled Compressed Oops mode in which the Java heap is
#     placed in the first 4GB address space. The Java Heap base address is the
#     maximum limit for the native heap growth. Please use -XX:HeapBaseMinAddress
#     to set the Java Heap base and to place the Java Heap above 4GB virtual address.
# This output file may be truncated or incomplete.
#
#  Out of Memory Error (allocation.cpp:389), pid=1880, tid=0x0000000000002f50
#
# JRE version: OpenJDK Runtime Environment (8.0_242-b01) (build 1.8.0_242-release-1644-b01)
# Java VM: OpenJDK 64-Bit Server VM (25.242-b01 mixed mode windows-amd64 compressed oops)
# Failed to write core dump. Minidumps are not enabled by default on client versions of Windows
#

---------------  T H R E A D  ---------------

Current thread (0x000000001830b800):  JavaThread "C2 CompilerThread0" daemon [_thread_in_native, id=12112, stack(0x000000001a9e0000,0x000000001aae0000)]

Stack: [0x000000001a9e0000,0x000000001aae0000]
[error occurred during error reporting (printing stack bounds), id 0xc0000005]

Native frames: (J=compiled Java code, j=interpreted, Vv=VM code, C=native code)


Current CompileTask:
C2: 169550 22443 %     4       com.android.tools.r8.ir.optimize.a0::a @ 330 (1308 bytes)


---------------  P R O C E S S  ---------------

Java Threads: ( => current thread )
  0x000000001cfea800 JavaThread "WorkerExecutor Queue" [_thread_blocked, id=10584, stack(0x000000002be70000,0x000000002bf70000)]
  0x000000001cfe8800 JavaThread "Cache worker for execution history cache (E:\3 rd yera\Sem 1\PH 3037 Mobile Application Development\Week 4\BMI Calculator\.gradle\6.5\executionHistory)" [_thread_blocked, id=14368, stack(0x000000002bd70000,0x000000002be70000)]
  0x000000001cfe7800 JavaThread "Execution worker for ':' Thread 7" [_thread_blocked, id=13368, stack(0x000000002bc70000,0x000000002bd70000)]
  0x000000001cfe7000 JavaThread "Execution worker for ':' Thread 6" [_thread_blocked, id=14568, stack(0x000000002bb70000,0x000000002bc70000)]
  0x000000001cfe6000 JavaThread "Execution worker for ':' Thread 5" [_thread_blocked, id=16740, stack(0x000000002ba70000,0x000000002bb70000)]
  0x000000001cfde800 JavaThread "Execution worker for ':' Thread 4" [_thread_blocked, id=12828, stack(0x000000002b770000,0x000000002b870000)]
  0x000000001cfe0000 JavaThread "Execution worker for ':' Thread 3" [_thread_blocked, id=10908, stack(0x000000002b270000,0x000000002b370000)]
  0x000000001cfdd000 JavaThread "Execution worker for ':' Thread 2" [_thread_blocked, id=8508, stack(0x000000002a070000,0x000000002a170000)]
  0x000000001cfe3000 JavaThread "Execution worker for ':'" [_thread_blocked, id=13452, stack(0x0000000029cc0000,0x0000000029dc0000)]
  0x000000001cfdc000 JavaThread "Cache worker for file content cache (E:\3 rd yera\Sem 1\PH 3037 Mobile Application Development\Week 4\BMI Calculator\.gradle\6.5\fileContent)" [_thread_blocked, id=15268, stack(0x0000000023fc0000,0x00000000240c0000)]
  0x000000001cfe2000 JavaThread "Cache worker for Build Output Cleanup Cache (E:\3 rd yera\Sem 1\PH 3037 Mobile Application Development\Week 4\BMI Calculator\.gradle\buildOutputCleanup)" [_thread_blocked, id=17924, stack(0x0000000023ec0000,0x0000000023fc0000)]
  0x0000000022d81800 JavaThread "Build operations Thread 8" [_thread_blocked, id=15260, stack(0x0000000023dc0000,0x0000000023ec0000)]
  0x0000000022d83000 JavaThread "Build operations Thread 7" [_thread_blocked, id=15916, stack(0x0000000023cc0000,0x0000000023dc0000)]
  0x0000000022d82800 JavaThread "Build operations Thread 6" [_thread_blocked, id=10700, stack(0x0000000023bc0000,0x0000000023cc0000)]
  0x0000000022d88000 JavaThread "Build operations Thread 5" [_thread_blocked, id=14632, stack(0x0000000023ac0000,0x0000000023bc0000)]
  0x0000000022d85800 JavaThread "Build operations Thread 4" [_thread_in_Java, id=17556, stack(0x00000000222f0000,0x00000000223f0000)]
  0x0000000022d87000 JavaThread "Build operations Thread 3" [_thread_blocked, id=15504, stack(0x0000000021af0000,0x0000000021bf0000)]
  0x0000000022d86800 JavaThread "Build operations Thread 2" [_thread_blocked, id=2392, stack(0x00000000219f0000,0x0000000021af0000)]
  0x0000000022d7a000 JavaThread "Build operations" [_thread_blocked, id=7088, stack(0x00000000218f0000,0x00000000219f0000)]
  0x0000000022d81000 JavaThread "Cache worker for cache directory md-rule (C:\Users\Pramu\.gradle\caches\6.5\md-rule)" [_thread_blocked, id=17568, stack(0x00000000213a0000,0x00000000214a0000)]
  0x0000000022d80000 JavaThread "Cache worker for cache directory md-supplier (C:\Users\Pramu\.gradle\caches\6.5\md-supplier)" [_thread_blocked, id=18076, stack(0x000000001ec00000,0x000000001ed00000)]
  0x0000000022d7f800 JavaThread "Cache worker for checksums cache (E:\3 rd yera\Sem 1\PH 3037 Mobile Application Development\Week 4\BMI Calculator\.gradle\checksums)" [_thread_blocked, id=17916, stack(0x000000001e900000,0x000000001ea00000)]
  0x0000000022d7b800 JavaThread "Cache worker for file hash cache (E:\3 rd yera\Sem 1\PH 3037 Mobile Application Development\Week 4\BMI Calculator\.gradle\6.5\fileHashes)" [_thread_blocked, id=12948, stack(0x000000001e700000,0x000000001e800000)]
  0x0000000022d7d000 JavaThread "Thread-377" [_thread_blocked, id=11148, stack(0x000000001e600000,0x000000001e700000)]
  0x0000000022d79800 JavaThread "Stdin handler" [_thread_blocked, id=7288, stack(0x000000001dec0000,0x000000001dfc0000)]
  0x0000000022d7b000 JavaThread "Asynchronous log dispatcher for DefaultDaemonConnection: socket connection from /127.0.0.1:60304 to /127.0.0.1:57364" [_thread_blocked, id=11364, stack(0x000000001ddc0000,0x000000001dec0000)]
  0x0000000022d7e800 JavaThread "Cancel handler" [_thread_blocked, id=10372, stack(0x0000000001560000,0x0000000001660000)]
  0x0000000022d7c800 JavaThread "Handler for socket connection from /127.0.0.1:60304 to /127.0.0.1:57364" [_thread_in_native, id=9736, stack(0x0000000001460000,0x0000000001560000)]
  0x00000000202d2000 JavaThread "jar transforms Thread 184" [_thread_blocked, id=8928, stack(0x0000000029bc0000,0x0000000029cc0000)]
  0x00000000202d8800 JavaThread "jar transforms Thread 183" [_thread_blocked, id=16888, stack(0x0000000029ac0000,0x0000000029bc0000)]
  0x00000000202d5000 JavaThread "jar transforms Thread 182" [_thread_blocked, id=13484, stack(0x00000000299c0000,0x0000000029ac0000)]
  0x00000000202d4000 JavaThread "jar transforms Thread 181" [_thread_blocked, id=15788, stack(0x00000000298c0000,0x00000000299c0000)]
  0x00000000202d8000 JavaThread "jar transforms Thread 180" [_thread_blocked, id=16700, stack(0x00000000297c0000,0x00000000298c0000)]
  0x00000000202d0800 JavaThread "jar transforms Thread 179" [_thread_blocked, id=2856, stack(0x00000000296c0000,0x00000000297c0000)]
  0x00000000202d7000 JavaThread "jar transforms Thread 178" [_thread_blocked, id=10660, stack(0x00000000295c0000,0x00000000296c0000)]
  0x00000000202d1000 JavaThread "jar transforms Thread 177" [_thread_blocked, id=7836, stack(0x00000000294c0000,0x00000000295c0000)]
  0x0000000022a5a000 JavaThread "jar transforms Thread 176" [_thread_blocked, id=12036, stack(0x00000000293c0000,0x00000000294c0000)]
  0x0000000022a58800 JavaThread "jar transforms Thread 175" [_thread_blocked, id=11324, stack(0x00000000292c0000,0x00000000293c0000)]
  0x0000000022a5c000 JavaThread "jar transforms Thread 174" [_thread_blocked, id=5224, stack(0x00000000291c0000,0x00000000292c0000)]
  0x0000000022a5b800 JavaThread "jar transforms Thread 173" [_thread_blocked, id=15732, stack(0x00000000290c0000,0x00000000291c0000)]
  0x0000000022a59000 JavaThread "jar transforms Thread 172" [_thread_blocked, id=18228, stack(0x0000000028fc0000,0x00000000290c0000)]
  0x0000000022a57800 JavaThread "jar transforms Thread 171" [_thread_blocked, id=3400, stack(0x0000000028ec0000,0x0000000028fc0000)]
  0x0000000022a57000 JavaThread "jar transforms Thread 170" [_thread_blocked, id=14324, stack(0x0000000028dc0000,0x0000000028ec0000)]
  0x0000000022a5a800 JavaThread "jar transforms Thread 169" [_thread_blocked, id=13384, stack(0x0000000028cc0000,0x0000000028dc0000)]
  0x0000000022a56000 JavaThread "jar transforms Thread 168" [_thread_blocked, id=6528, stack(0x0000000028bc0000,0x0000000028cc0000)]
  0x0000000022a4e800 JavaThread "jar transforms Thread 167" [_thread_blocked, id=6292, stack(0x0000000028ac0000,0x0000000028bc0000)]
  0x0000000022a55800 JavaThread "jar transforms Thread 166" [_thread_blocked, id=14640, stack(0x00000000289c0000,0x0000000028ac0000)]
  0x0000000022a51800 JavaThread "jar transforms Thread 165" [_thread_blocked, id=808, stack(0x00000000288c0000,0x00000000289c0000)]
  0x0000000022a51000 JavaThread "jar transforms Thread 164" [_thread_blocked, id=3632, stack(0x00000000287c0000,0x00000000288c0000)]
  0x0000000022a54800 JavaThread "jar transforms Thread 163" [_thread_blocked, id=7032, stack(0x00000000286c0000,0x00000000287c0000)]
  0x0000000022a4d000 JavaThread "jar transforms Thread 162" [_thread_blocked, id=6484, stack(0x00000000285c0000,0x00000000286c0000)]
  0x0000000022a50000 JavaThread "jar transforms Thread 161" [_thread_blocked, id=2324, stack(0x00000000284c0000,0x00000000285c0000)]
  0x0000000022a54000 JavaThread "jar transforms Thread 160" [_thread_blocked, id=15216, stack(0x00000000283c0000,0x00000000284c0000)]
  0x0000000022a4f800 JavaThread "jar transforms Thread 159" [_thread_blocked, id=18284, stack(0x00000000282c0000,0x00000000283c0000)]
  0x0000000022a4e000 JavaThread "jar transforms Thread 158" [_thread_blocked, id=16252, stack(0x00000000281c0000,0x00000000282c0000)]
  0x0000000022a53000 JavaThread "jar transforms Thread 157" [_thread_blocked, id=11688, stack(0x00000000280c0000,0x00000000281c0000)]
  0x0000000022a52800 JavaThread "jar transforms Thread 156" [_thread_blocked, id=11484, stack(0x0000000027fc0000,0x00000000280c0000)]
  0x000000002006a800 JavaThread "jar transforms Thread 155" [_thread_blocked, id=9140, stack(0x0000000027ec0000,0x0000000027fc0000)]
  0x0000000020069800 JavaThread "jar transforms Thread 154" [_thread_blocked, id=6212, stack(0x0000000027dc0000,0x0000000027ec0000)]
  0x000000002006e800 JavaThread "jar transforms Thread 153" [_thread_blocked, id=6320, stack(0x0000000027cc0000,0x0000000027dc0000)]
  0x000000002006d800 JavaThread "jar transforms Thread 152" [_thread_blocked, id=10564, stack(0x0000000027bc0000,0x0000000027cc0000)]
  0x000000002006c800 JavaThread "jar transforms Thread 151" [_thread_blocked, id=1736, stack(0x0000000027ac0000,0x0000000027bc0000)]
  0x0000000020069000 JavaThread "jar transforms Thread 150" [_thread_blocked, id=15952, stack(0x00000000279c0000,0x0000000027ac0000)]
  0x000000002006c000 JavaThread "jar transforms Thread 149" [_thread_blocked, id=10836, stack(0x00000000278c0000,0x00000000279c0000)]
  0x000000002006b000 JavaThread "jar transforms Thread 148" [_thread_blocked, id=13292, stack(0x00000000277c0000,0x00000000278c0000)]
  0x0000000020061800 JavaThread "jar transforms Thread 147" [_thread_blocked, id=8592, stack(0x00000000276c0000,0x00000000277c0000)]
  0x0000000020068000 JavaThread "jar transforms Thread 146" [_thread_blocked, id=4744, stack(0x00000000275c0000,0x00000000276c0000)]
  0x0000000020060800 JavaThread "jar transforms Thread 145" [_thread_blocked, id=8360, stack(0x00000000274c0000,0x00000000275c0000)]
  0x0000000020067800 JavaThread "jar transforms Thread 144" [_thread_blocked, id=4296, stack(0x00000000273c0000,0x00000000274c0000)]
  0x0000000020064800 JavaThread "jar transforms Thread 143" [_thread_blocked, id=10868, stack(0x00000000272c0000,0x00000000273c0000)]
  0x0000000020060000 JavaThread "jar transforms Thread 142" [_thread_blocked, id=5648, stack(0x00000000271c0000,0x00000000272c0000)]
  0x0000000020063000 JavaThread "jar transforms Thread 141" [_thread_blocked, id=17616, stack(0x00000000270c0000,0x00000000271c0000)]
  0x0000000020062000 JavaThread "jar transforms Thread 140" [_thread_blocked, id=9976, stack(0x0000000026fc0000,0x00000000270c0000)]
  0x0000000020065000 JavaThread "jar transforms Thread 139" [_thread_blocked, id=5620, stack(0x0000000026ec0000,0x0000000026fc0000)]
  0x0000000020063800 JavaThread "jar transforms Thread 138" [_thread_blocked, id=9560, stack(0x0000000026dc0000,0x0000000026ec0000)]
  0x0000000020066000 JavaThread "jar transforms Thread 137" [_thread_blocked, id=15364, stack(0x0000000026cc0000,0x0000000026dc0000)]
  0x0000000020066800 JavaThread "jar transforms Thread 136" [_thread_blocked, id=17992, stack(0x0000000026bc0000,0x0000000026cc0000)]
  0x000000002005f000 JavaThread "jar transforms Thread 135" [_thread_blocked, id=5568, stack(0x0000000026ac0000,0x0000000026bc0000)]
  0x000000001ce74800 JavaThread "jar transforms Thread 134" [_thread_blocked, id=15572, stack(0x00000000269c0000,0x0000000026ac0000)]
  0x000000001ce78800 JavaThread "jar transforms Thread 133" [_thread_blocked, id=7564, stack(0x00000000268c0000,0x00000000269c0000)]
  0x000000001ce74000 JavaThread "jar transforms Thread 132" [_thread_blocked, id=3820, stack(0x00000000267c0000,0x00000000268c0000)]
  0x000000001ce79000 JavaThread "jar transforms Thread 131" [_thread_blocked, id=10924, stack(0x00000000266c0000,0x00000000267c0000)]
  0x000000001ce77800 JavaThread "jar transforms Thread 130" [_thread_blocked, id=10164, stack(0x00000000265c0000,0x00000000266c0000)]
  0x000000001d213000 JavaThread "jar transforms Thread 129" [_thread_blocked, id=13300, stack(0x00000000264c0000,0x00000000265c0000)]
  0x000000001d212800 JavaThread "jar transforms Thread 128" [_thread_blocked, id=13816, stack(0x00000000263c0000,0x00000000264c0000)]
  0x000000001d214000 JavaThread "jar transforms Thread 127" [_thread_blocked, id=4736, stack(0x00000000262c0000,0x00000000263c0000)]
  0x000000001d211000 JavaThread "jar transforms Thread 126" [_thread_blocked, id=3184, stack(0x00000000261c0000,0x00000000262c0000)]
  0x000000001d210000 JavaThread "jar transforms Thread 125" [_thread_blocked, id=3508, stack(0x00000000260c0000,0x00000000261c0000)]
  0x000000001d20e800 JavaThread "jar transforms Thread 124" [_thread_blocked, id=2388, stack(0x0000000025fc0000,0x00000000260c0000)]
  0x000000001d214800 JavaThread "jar transforms Thread 123" [_thread_blocked, id=9180, stack(0x0000000025ec0000,0x0000000025fc0000)]
  0x000000001d211800 JavaThread "jar transforms Thread 122" [_thread_blocked, id=16936, stack(0x0000000025dc0000,0x0000000025ec0000)]
  0x000000001d20f800 JavaThread "jar transforms Thread 121" [_thread_blocked, id=5444, stack(0x0000000025cc0000,0x0000000025dc0000)]
  0x000000001d207000 JavaThread "jar transforms Thread 120" [_thread_blocked, id=10640, stack(0x0000000025bc0000,0x0000000025cc0000)]
  0x000000001d20b000 JavaThread "jar transforms Thread 119" [_thread_blocked, id=432, stack(0x0000000025ac0000,0x0000000025bc0000)]
  0x000000001d20e000 JavaThread "jar transforms Thread 118" [_thread_blocked, id=8120, stack(0x00000000259c0000,0x0000000025ac0000)]
  0x000000001d20b800 JavaThread "jar transforms Thread 117" [_thread_blocked, id=17352, stack(0x00000000258c0000,0x00000000259c0000)]
  0x000000001d206000 JavaThread "jar transforms Thread 116" [_thread_blocked, id=17668, stack(0x00000000257c0000,0x00000000258c0000)]
  0x000000001d20a000 JavaThread "jar transforms Thread 115" [_thread_blocked, id=8028, stack(0x00000000256c0000,0x00000000257c0000)]
  0x000000001d207800 JavaThread "jar transforms Thread 114" [_thread_blocked, id=952, stack(0x00000000255c0000,0x00000000256c0000)]
  0x000000001d208800 JavaThread "jar transforms Thread 113" [_thread_blocked, id=8800, stack(0x00000000254c0000,0x00000000255c0000)]
  0x000000001d20c800 JavaThread "jar transforms Thread 112" [_thread_blocked, id=7596, stack(0x00000000253c0000,0x00000000254c0000)]
  0x000000001fb0f800 JavaThread "jar transforms Thread 111" [_thread_blocked, id=2164, stack(0x00000000252c0000,0x00000000253c0000)]
  0x000000001fb12800 JavaThread "jar transforms Thread 110" [_thread_blocked, id=10128, stack(0x00000000251c0000,0x00000000252c0000)]
  0x000000001fb10800 JavaThread "jar transforms Thread 109" [_thread_blocked, id=17824, stack(0x00000000250c0000,0x00000000251c0000)]
  0x000000001fb0f000 JavaThread "jar transforms Thread 108" [_thread_blocked, id=9120, stack(0x0000000024fc0000,0x00000000250c0000)]
  0x000000001fb12000 JavaThread "jar transforms Thread 107" [_thread_blocked, id=18032, stack(0x0000000024ec0000,0x0000000024fc0000)]
  0x000000001fb09800 JavaThread "jar transforms Thread 106" [_thread_blocked, id=9744, stack(0x0000000024dc0000,0x0000000024ec0000)]
  0x000000001fb0e000 JavaThread "jar transforms Thread 105" [_thread_blocked, id=17980, stack(0x0000000024cc0000,0x0000000024dc0000)]
  0x000000001fb06800 JavaThread "jar transforms Thread 104" [_thread_blocked, id=3236, stack(0x0000000024bc0000,0x0000000024cc0000)]
  0x000000001fb09000 JavaThread "jar transforms Thread 103" [_thread_blocked, id=7372, stack(0x0000000024ac0000,0x0000000024bc0000)]
  0x000000001fb0c800 JavaThread "jar transforms Thread 102" [_thread_blocked, id=12648, stack(0x00000000249c0000,0x0000000024ac0000)]
  0x000000001fb0c000 JavaThread "jar transforms Thread 101" [_thread_blocked, id=11168, stack(0x00000000248c0000,0x00000000249c0000)]
  0x000000001fb0d800 JavaThread "jar transforms Thread 100" [_thread_blocked, id=11512, stack(0x00000000247c0000,0x00000000248c0000)]
  0x000000001fb0b000 JavaThread "jar transforms Thread 99" [_thread_blocked, id=8036, stack(0x00000000246c0000,0x00000000247c0000)]
  0x000000001fb04800 JavaThread "jar transforms Thread 98" [_thread_blocked, id=16556, stack(0x00000000245c0000,0x00000000246c0000)]
  0x000000001fb05000 JavaThread "jar transforms Thread 97" [_thread_blocked, id=3156, stack(0x00000000244c0000,0x00000000245c0000)]
  0x000000001fb07800 JavaThread "jar transforms Thread 96" [_thread_blocked, id=14256, stack(0x00000000243c0000,0x00000000244c0000)]
  0x000000001fb06000 JavaThread "jar transforms Thread 95" [_thread_blocked, id=9988, stack(0x00000000242c0000,0x00000000243c0000)]
  0x000000001fb08000 JavaThread "jar transforms Thread 94" [_thread_blocked, id=7544, stack(0x00000000241c0000,0x00000000242c0000)]
  0x000000001fb0a800 JavaThread "jar transforms Thread 93" [_thread_blocked, id=7884, stack(0x00000000240c0000,0x00000000241c0000)]
  0x0000000022d78800 JavaThread "Daemon worker Thread 2" [_thread_blocked, id=14992, stack(0x000000001e500000,0x000000001e600000)]
  0x0000000022d7e000 JavaThread "Daemon Thread 2" [_thread_blocked, id=11660, stack(0x0000000001360000,0x0000000001460000)]
  0x000000001fb11000 JavaThread "Memory manager" [_thread_blocked, id=8648, stack(0x000000002b170000,0x000000002b270000)]
  0x000000001ce75800 JavaThread "Cache worker for file content cache (C:\Users\Pramu\.gradle\caches\6.5\fileContent)" [_thread_blocked, id=14852, stack(0x00000000223f0000,0x00000000224f0000)]
  0x000000001ce76000 JavaThread "Cache worker for execution history cache (C:\Users\Pramu\.gradle\caches\6.5\executionHistory)" [_thread_blocked, id=13608, stack(0x0000000021bf0000,0x0000000021cf0000)]
  0x000000001ce73000 JavaThread "Cache worker for file hash cache (C:\Users\Pramu\.gradle\caches\6.5\fileHashes)" [_thread_blocked, id=10256, stack(0x000000001f100000,0x000000001f200000)]
  0x000000001ce72800 JavaThread "File lock request listener" [_thread_in_native, id=17108, stack(0x000000001f000000,0x000000001f100000)]
  0x000000001a29c000 JavaThread "Cache worker for journal cache (C:\Users\Pramu\.gradle\caches\journal-1)" [_thread_blocked, id=9060, stack(0x000000001ef00000,0x000000001f000000)]
  0x000000001cb45000 JavaThread "Daemon periodic checks" [_thread_blocked, id=32, stack(0x000000001e200000,0x000000001e300000)]
  0x000000001cb25000 JavaThread "Incoming local TCP Connector on port 60304" [_thread_in_native, id=14056, stack(0x000000001dfc0000,0x000000001e0c0000)]
  0x000000001cb10800 JavaThread "Daemon health stats" [_thread_blocked, id=2408, stack(0x000000001d980000,0x000000001da80000)]
  0x000000001a172800 JavaThread "Service Thread" daemon [_thread_blocked, id=6500, stack(0x000000001ade0000,0x000000001aee0000)]
  0x000000001a122800 JavaThread "C1 CompilerThread3" daemon [_thread_blocked, id=13244, stack(0x000000001ace0000,0x000000001ade0000)]
  0x000000001a11f000 JavaThread "C2 CompilerThread2" daemon [_thread_in_native, id=4872, stack(0x000000001abe0000,0x000000001ace0000)]
  0x000000001a117000 JavaThread "C2 CompilerThread1" daemon [_thread_in_native, id=3172, stack(0x000000001aae0000,0x000000001abe0000)]
=>0x000000001830b800 JavaThread "C2 CompilerThread0" daemon [_thread_in_native, id=12112, stack(0x000000001a9e0000,0x000000001aae0000)]
  0x000000001a116800 JavaThread "Attach Listener" daemon [_thread_blocked, id=2956, stack(0x000000001a8e0000,0x000000001a9e0000)]
  0x000000001a113800 JavaThread "Signal Dispatcher" daemon [_thread_blocked, id=18088, stack(0x000000001a7e0000,0x000000001a8e0000)]
  0x000000000319e000 JavaThread "Finalizer" daemon [_thread_blocked, id=17436, stack(0x000000001a5e0000,0x000000001a6e0000)]
  0x0000000003197000 JavaThread "Reference Handler" daemon [_thread_blocked, id=7592, stack(0x000000001a4e0000,0x000000001a5e0000)]
  0x00000000030a2800 JavaThread "main" [_thread_blocked, id=9148, stack(0x0000000002ee0000,0x0000000002fe0000)]

Other Threads:
  0x00000000182f6800 VMThread [stack: 0x0000000019fe0000,0x000000001a0e0000] [id=16164]
  0x000000001a173800 WatcherThread [stack: 0x000000001aee0000,0x000000001afe0000] [id=15964]

VM state:not at safepoint (normal execution)

VM Mutex/Monitor currently owned by a thread: None

heap address: 0x0000000080000000, size: 2048 MB, Compressed Oops mode: 32-bit
Narrow klass base: 0x0000000000000000, Narrow klass shift: 3
Compressed class space size: 1073741824 Address: 0x0000000100000000

Heap:
 PSYoungGen      total 643584K, used 335608K [0x00000000d5580000, 0x00000000fff80000, 0x0000000100000000)
  eden space 592384K, 55% used [0x00000000d5580000,0x00000000e93de728,0x00000000f9800000)
  from space 51200K, 18% used [0x00000000f9800000,0x00000000fa15fb70,0x00000000fca00000)
  to   space 49664K, 0% used [0x00000000fcf00000,0x00000000fcf00000,0x00000000fff80000)
 ParOldGen       total 357888K, used 259552K [0x0000000080000000, 0x0000000095d80000, 0x00000000d5580000)
  object space 357888K, 72% used [0x0000000080000000,0x000000008fd78260,0x0000000095d80000)
 Metaspace       used 90303K, capacity 95770K, committed 98200K, reserved 1134592K
  class space    used 11711K, capacity 12694K, committed 13488K, reserved 1048576K

Card table byte_map: [0x0000000012650000,0x0000000012a60000] byte_map_base: 0x0000000012250000

Marking Bits: (ParMarkBitMap*) 0x0000000063b0f030
 Begin Bits: [0x0000000013510000, 0x0000000015510000)
 End Bits:   [0x0000000015510000, 0x0000000017510000)

Polling page: 0x00000000016c0000

CodeCache: size=245760Kb used=63166Kb max_used=63198Kb free=182593Kb
 bounds [0x0000000003290000, 0x00000000070c0000, 0x0000000012290000]
 total_blobs=18473 nmethods=17635 adapters=750
 compilation: enabled

Compilation events (10 events):
Event: 169.094 Thread 0x000000001a11f000 nmethod 22342% 0x0000000007027610 code [0x00000000070279a0, 0x0000000007029bc0]
Event: 169.095 Thread 0x000000001a11f000 22452       4       java.util.HashMap::removeNode (291 bytes)
Event: 169.105 Thread 0x000000001a11f000 nmethod 22452 0x00000000035c0d10 code [0x00000000035c0e80, 0x00000000035c1418]
Event: 169.105 Thread 0x000000001a11f000 22441 %     4       com.android.tools.r8.ir.regalloc.a::i @ 65 (610 bytes)
Event: 169.263 Thread 0x000000001a122800 22457       3       com.android.tools.r8.ir.regalloc.b::k (466 bytes)
Event: 169.267 Thread 0x000000001a122800 nmethod 22457 0x000000000709d210 code [0x000000000709d740, 0x00000000070a0e38]
Event: 169.317 Thread 0x000000001a117000 nmethod 22054% 0x00000000070aa5d0 code [0x00000000070aae20, 0x00000000070b1950]
Event: 169.318 Thread 0x000000001a117000 22456       4       com.android.tools.r8.ir.regalloc.a::b (1365 bytes)
Event: 169.430 Thread 0x000000001a122800 22460 %     3       com.android.tools.r8.ir.regalloc.a::b @ 20 (205 bytes)
Event: 169.432 Thread 0x000000001a122800 nmethod 22460% 0x0000000006f9ae10 code [0x0000000006f9b1a0, 0x0000000006f9cb88]

GC Heap History (10 events):
Event: 165.540 GC heap before
{Heap before GC invocations=33 (full 4):
 PSYoungGen      total 649216K, used 613288K [0x00000000d5580000, 0x00000000ffc80000, 0x0000000100000000)
  eden space 604160K, 100% used [0x00000000d5580000,0x00000000fa380000,0x00000000fa380000)
  from space 45056K, 20% used [0x00000000fd080000,0x00000000fd96a278,0x00000000ffc80000)
  to   space 45568K, 0% used [0x00000000fa380000,0x00000000fa380000,0x00000000fd000000)
 ParOldGen       total 357888K, used 199207K [0x0000000080000000, 0x0000000095d80000, 0x00000000d5580000)
  object space 357888K, 55% used [0x0000000080000000,0x000000008c289d50,0x0000000095d80000)
 Metaspace       used 90208K, capacity 95548K, committed 97944K, reserved 1134592K
  class space    used 11708K, capacity 12691K, committed 13488K, reserved 1048576K
Event: 165.585 GC heap after
Heap after GC invocations=33 (full 4):
 PSYoungGen      total 649728K, used 45547K [0x00000000d5580000, 0x0000000100000000, 0x0000000100000000)
  eden space 604160K, 0% used [0x00000000d5580000,0x00000000d5580000,0x00000000fa380000)
  from space 45568K, 99% used [0x00000000fa380000,0x00000000fcffac58,0x00000000fd000000)
  to   space 49152K, 0% used [0x00000000fd000000,0x00000000fd000000,0x0000000100000000)
 ParOldGen       total 357888K, used 202635K [0x0000000080000000, 0x0000000095d80000, 0x00000000d5580000)
  object space 357888K, 56% used [0x0000000080000000,0x000000008c5e2cf0,0x0000000095d80000)
 Metaspace       used 90208K, capacity 95548K, committed 97944K, reserved 1134592K
  class space    used 11708K, capacity 12691K, committed 13488K, reserved 1048576K
}
Event: 166.174 GC heap before
{Heap before GC invocations=34 (full 4):
 PSYoungGen      total 649728K, used 649707K [0x00000000d5580000, 0x0000000100000000, 0x0000000100000000)
  eden space 604160K, 100% used [0x00000000d5580000,0x00000000fa380000,0x00000000fa380000)
  from space 45568K, 99% used [0x00000000fa380000,0x00000000fcffac58,0x00000000fd000000)
  to   space 49152K, 0% used [0x00000000fd000000,0x00000000fd000000,0x0000000100000000)
 ParOldGen       total 357888K, used 202635K [0x0000000080000000, 0x0000000095d80000, 0x00000000d5580000)
  object space 357888K, 56% used [0x0000000080000000,0x000000008c5e2cf0,0x0000000095d80000)
 Metaspace       used 90220K, capacity 95552K, committed 97944K, reserved 1134592K
  class space    used 11709K, capacity 12691K, committed 13488K, reserved 1048576K
Event: 166.207 GC heap after
Heap after GC invocations=34 (full 4):
 PSYoungGen      total 640512K, used 7264K [0x00000000d5580000, 0x0000000100000000, 0x0000000100000000)
  eden space 591360K, 0% used [0x00000000d5580000,0x00000000d5580000,0x00000000f9700000)
  from space 49152K, 14% used [0x00000000fd000000,0x00000000fd718030,0x0000000100000000)
  to   space 53760K, 0% used [0x00000000f9700000,0x00000000f9700000,0x00000000fcb80000)
 ParOldGen       total 357888K, used 242577K [0x0000000080000000, 0x0000000095d80000, 0x00000000d5580000)
  object space 357888K, 67% used [0x0000000080000000,0x000000008ece4708,0x0000000095d80000)
 Metaspace       used 90220K, capacity 95552K, committed 97944K, reserved 1134592K
  class space    used 11709K, capacity 12691K, committed 13488K, reserved 1048576K
}
Event: 166.732 GC heap before
{Heap before GC invocations=35 (full 4):
 PSYoungGen      total 640512K, used 598624K [0x00000000d5580000, 0x0000000100000000, 0x0000000100000000)
  eden space 591360K, 100% used [0x00000000d5580000,0x00000000f9700000,0x00000000f9700000)
  from space 49152K, 14% used [0x00000000fd000000,0x00000000fd718030,0x0000000100000000)
  to   space 53760K, 0% used [0x00000000f9700000,0x00000000f9700000,0x00000000fcb80000)
 ParOldGen       total 357888K, used 242577K [0x0000000080000000, 0x0000000095d80000, 0x00000000d5580000)
  object space 357888K, 67% used [0x0000000080000000,0x000000008ece4708,0x0000000095d80000)
 Metaspace       used 90224K, capacity 95552K, committed 97944K, reserved 1134592K
  class space    used 11709K, capacity 12691K, committed 13488K, reserved 1048576K
Event: 166.758 GC heap after
Heap after GC invocations=35 (full 4):
 PSYoungGen      total 645120K, used 8064K [0x00000000d5580000, 0x0000000100000000, 0x0000000100000000)
  eden space 591360K, 0% used [0x00000000d5580000,0x00000000d5580000,0x00000000f9700000)
  from space 53760K, 15% used [0x00000000f9700000,0x00000000f9ee0020,0x00000000fcb80000)
  to   space 52736K, 0% used [0x00000000fcc80000,0x00000000fcc80000,0x0000000100000000)
 ParOldGen       total 357888K, used 248518K [0x0000000080000000, 0x0000000095d80000, 0x00000000d5580000)
  object space 357888K, 69% used [0x0000000080000000,0x000000008f2b1958,0x0000000095d80000)
 Metaspace       used 90224K, capacity 95552K, committed 97944K, reserved 1134592K
  class space    used 11709K, capacity 12691K, committed 13488K, reserved 1048576K
}
Event: 167.454 GC heap before
{Heap before GC invocations=36 (full 4):
 PSYoungGen      total 645120K, used 599424K [0x00000000d5580000, 0x0000000100000000, 0x0000000100000000)
  eden space 591360K, 100% used [0x00000000d5580000,0x00000000f9700000,0x00000000f9700000)
  from space 53760K, 15% used [0x00000000f9700000,0x00000000f9ee0020,0x00000000fcb80000)
  to   space 52736K, 0% used [0x00000000fcc80000,0x00000000fcc80000,0x0000000100000000)
 ParOldGen       total 357888K, used 248518K [0x0000000080000000, 0x0000000095d80000, 0x00000000d5580000)
  object space 357888K, 69% used [0x0000000080000000,0x000000008f2b1958,0x0000000095d80000)
 Metaspace       used 90232K, capacity 95556K, committed 97944K, reserved 1134592K
  class space    used 11709K, capacity 12691K, committed 13488K, reserved 1048576K
Event: 167.470 GC heap after
Heap after GC invocations=36 (full 4):
 PSYoungGen      total 641024K, used 7360K [0x00000000d5580000, 0x00000000ffc00000, 0x0000000100000000)
  eden space 592384K, 0% used [0x00000000d5580000,0x00000000d5580000,0x00000000f9800000)
  from space 48640K, 15% used [0x00000000fcc80000,0x00000000fd3b0000,0x00000000ffc00000)
  to   space 51200K, 0% used [0x00000000f9800000,0x00000000f9800000,0x00000000fca00000)
 ParOldGen       total 357888K, used 254825K [0x0000000080000000, 0x0000000095d80000, 0x00000000d5580000)
  object space 357888K, 71% used [0x0000000080000000,0x000000008f8da698,0x0000000095d80000)
 Metaspace       used 90232K, capacity 95556K, committed 97944K, reserved 1134592K
  class space    used 11709K, capacity 12691K, committed 13488K, reserved 1048576K
}
Event: 168.518 GC heap before
{Heap before GC invocations=37 (full 4):
 PSYoungGen      total 641024K, used 599744K [0x00000000d5580000, 0x00000000ffc00000, 0x0000000100000000)
  eden space 592384K, 100% used [0x00000000d5580000,0x00000000f9800000,0x00000000f9800000)
  from space 48640K, 15% used [0x00000000fcc80000,0x00000000fd3b0000,0x00000000ffc00000)
  to   space 51200K, 0% used [0x00000000f9800000,0x00000000f9800000,0x00000000fca00000)
 ParOldGen       total 357888K, used 254825K [0x0000000080000000, 0x0000000095d80000, 0x00000000d5580000)
  object space 357888K, 71% used [0x0000000080000000,0x000000008f8da698,0x0000000095d80000)
 Metaspace       used 90293K, capacity 95770K, committed 98200K, reserved 1134592K
  class space    used 11711K, capacity 12694K, committed 13488K, reserved 1048576K
Event: 168.541 GC heap after
Heap after GC invocations=37 (full 4):
 PSYoungGen      total 643584K, used 9598K [0x00000000d5580000, 0x00000000fff80000, 0x0000000100000000)
  eden space 592384K, 0% used [0x00000000d5580000,0x00000000d5580000,0x00000000f9800000)
  from space 51200K, 18% used [0x00000000f9800000,0x00000000fa15fb70,0x00000000fca00000)
  to   space 49664K, 0% used [0x00000000fcf00000,0x00000000fcf00000,0x00000000fff80000)
 ParOldGen       total 357888K, used 259552K [0x0000000080000000, 0x0000000095d80000, 0x00000000d5580000)
  object space 357888K, 72% used [0x0000000080000000,0x000000008fd78260,0x0000000095d80000)
 Metaspace       used 90293K, capacity 95770K, committed 98200K, reserved 1134592K
  class space    used 11711K, capacity 12694K, committed 13488K, reserved 1048576K
}

Deoptimization events (10 events):
Event: 165.981 Thread 0x0000000022d83000 Uncommon trap: reason=unstable_if action=reinterpret pc=0x0000000005f8d4cc method=com.android.tools.r8.t.a.a.a.h.q1.add(Ljava/lang/Object;)Z @ 45
Event: 166.082 Thread 0x0000000022d81800 Uncommon trap: reason=unstable_if action=reinterpret pc=0x00000000039bdc4c method=com.android.tools.r8.dex.m.c(I)V @ 8
Event: 166.423 Thread 0x0000000022d88000 Uncommon trap: reason=class_check action=maybe_recompile pc=0x00000000059f88c4 method=com.android.tools.r8.t.a.a.a.f.e.putAll(Ljava/util/Map;)V @ 3
Event: 166.471 Thread 0x0000000022d83000 Uncommon trap: reason=class_check action=maybe_recompile pc=0x00000000058e4f18 method=com.android.tools.r8.s.b.q1.a(Lcom/android/tools/r8/s/b/b;Ljava/util/function/Predicate;)Lcom/android/tools/r8/s/b/q1; @ 26
Event: 166.588 Thread 0x0000000022d87000 Uncommon trap: reason=class_check action=maybe_recompile pc=0x0000000006602c28 method=com.android.tools.r8.s.b.q1.Z()I @ 19
Event: 166.697 Thread 0x0000000022d83000 Uncommon trap: reason=class_check action=maybe_recompile pc=0x00000000058e4f18 method=com.android.tools.r8.s.b.q1.a(Lcom/android/tools/r8/s/b/b;Ljava/util/function/Predicate;)Lcom/android/tools/r8/s/b/q1; @ 26
Event: 166.787 Thread 0x0000000022d87000 Uncommon trap: reason=unstable_if action=reinterpret pc=0x0000000006fa84a0 method=com.android.tools.r8.q.a.a.a.b.a(Ljava/lang/Object;Ljava/lang/Object;)Z @ 14
Event: 166.831 Thread 0x0000000022d83000 Uncommon trap: reason=class_check action=maybe_recompile pc=0x00000000052c8be0 method=com.android.tools.r8.ir.optimize.r.a(Lcom/android/tools/r8/s/b/X;Lcom/android/tools/r8/utils/n1;)V @ 302
Event: 167.213 Thread 0x0000000022d88000 Uncommon trap: reason=unstable_if action=reinterpret pc=0x000000000700c520 method=com.android.tools.r8.ir.regalloc.j.a(I)Z @ 17
Event: 167.297 Thread 0x0000000022d87000 Uncommon trap: reason=class_check action=maybe_recompile pc=0x0000000006602c28 method=com.android.tools.r8.s.b.q1.Z()I @ 19

Classes redefined (0 events):
No events

Internal exceptions (10 events):
Event: 168.418 Thread 0x000000001cfe6000 Exception <a 'sun/nio/fs/WindowsException'> (0x00000000f3976b88) thrown at [C:\src\AOSP-openjdk-git\hotspot\src\share\vm\prims\jni.cpp, line 710]
Event: 168.420 Thread 0x0000000022d87000 Exception <a 'sun/nio/fs/WindowsException'> (0x00000000f3a91798) thrown at [C:\src\AOSP-openjdk-git\hotspot\src\share\vm\prims\jni.cpp, line 710]
Event: 168.430 Thread 0x000000001cfe6000 Exception <a 'sun/nio/fs/WindowsException'> (0x00000000f4774678) thrown at [C:\src\AOSP-openjdk-git\hotspot\src\share\vm\prims\jni.cpp, line 710]
Event: 168.432 Thread 0x0000000022d7a000 Exception <a 'sun/nio/fs/WindowsException'> (0x00000000f4b76b58) thrown at [C:\src\AOSP-openjdk-git\hotspot\src\share\vm\prims\jni.cpp, line 710]
Event: 168.441 Thread 0x0000000022d85800 Exception <a 'sun/nio/fs/WindowsException'> (0x00000000f5132f28) thrown at [C:\src\AOSP-openjdk-git\hotspot\src\share\vm\prims\jni.cpp, line 710]
Event: 168.459 Thread 0x0000000022d81800 Exception <a 'sun/nio/fs/WindowsException'> (0x00000000f6af6b30) thrown at [C:\src\AOSP-openjdk-git\hotspot\src\share\vm\prims\jni.cpp, line 710]
Event: 168.461 Thread 0x0000000022d83000 Exception <a 'sun/nio/fs/WindowsException'> (0x00000000f6815858) thrown at [C:\src\AOSP-openjdk-git\hotspot\src\share\vm\prims\jni.cpp, line 710]
Event: 168.477 Thread 0x0000000022d7a000 Exception <a 'sun/nio/fs/WindowsException'> (0x00000000f7df0b88) thrown at [C:\src\AOSP-openjdk-git\hotspot\src\share\vm\prims\jni.cpp, line 710]
Event: 168.494 Thread 0x0000000022d82800 Exception <a 'sun/nio/fs/WindowsException'> (0x00000000f8ce91a8) thrown at [C:\src\AOSP-openjdk-git\hotspot\src\share\vm\prims\jni.cpp, line 710]
Event: 168.773 Thread 0x0000000022d88000 Exception <a 'sun/nio/fs/WindowsException'> (0x00000000db52cfc0) thrown at [C:\src\AOSP-openjdk-git\hotspot\src\share\vm\prims\jni.cpp, line 710]

Events (10 events):
Event: 169.433 Thread 0x000000001a122800 flushing nmethod 0x0000000003742b50
Event: 169.433 Thread 0x000000001a122800 flushing nmethod 0x00000000037b7d50
Event: 169.486 Thread 0x0000000022d85800 DEOPT PACKING pc=0x0000000005cf6735 sp=0x00000000223e9ee0
Event: 169.486 Thread 0x0000000022d85800 DEOPT UNPACKING pc=0x00000000032d71d0 sp=0x00000000223e9e18 mode 0
Event: 169.496 Thread 0x0000000022d85800 DEOPT PACKING pc=0x0000000005a8cb54 sp=0x00000000223e9c40
Event: 169.496 Thread 0x0000000022d85800 DEOPT UNPACKING pc=0x00000000032d71d0 sp=0x00000000223e9b60 mode 0
Event: 169.507 Thread 0x0000000022d85800 DEOPT PACKING pc=0x0000000005bbdf3d sp=0x00000000223e9960
Event: 169.507 Thread 0x0000000022d85800 DEOPT UNPACKING pc=0x00000000032d71d0 sp=0x00000000223e9830 mode 0
Event: 169.548 Thread 0x0000000022d85800 DEOPT PACKING pc=0x0000000005a8cb79 sp=0x00000000223e9c40
Event: 169.548 Thread 0x0000000022d85800 DEOPT UNPACKING pc=0x00000000032d71d0 sp=0x00000000223e9b60 mode 0


Dynamic libraries:
0x00007ff75bec0000 - 0x00007ff75bef1000 	C:\Program Files\Android\Android Studio\jre\bin\java.exe
0x00007ffc69930000 - 0x00007ffc69b25000 	C:\Windows\SYSTEM32\ntdll.dll
0x00007ffc68d60000 - 0x00007ffc68e1d000 	C:\Windows\System32\KERNEL32.DLL
0x00007ffc67470000 - 0x00007ffc67738000 	C:\Windows\System32\KERNELBASE.dll
0x00007ffc67a00000 - 0x00007ffc67aac000 	C:\Windows\System32\ADVAPI32.dll
0x00007ffc67c10000 - 0x00007ffc67cae000 	C:\Windows\System32\msvcrt.dll
0x00007ffc67ae0000 - 0x00007ffc67b7b000 	C:\Windows\System32\sechost.dll
0x00007ffc69240000 - 0x00007ffc6936b000 	C:\Windows\System32\RPCRT4.dll
0x00007ffc68f80000 - 0x00007ffc69120000 	C:\Windows\System32\USER32.dll
0x00007ffc672e0000 - 0x00007ffc67302000 	C:\Windows\System32\win32u.dll
0x00007ffc68f50000 - 0x00007ffc68f7a000 	C:\Windows\System32\GDI32.dll
0x00007ffc671d0000 - 0x00007ffc672db000 	C:\Windows\System32\gdi32full.dll
0x00007ffc678f0000 - 0x00007ffc6798d000 	C:\Windows\System32\msvcp_win.dll
0x00007ffc67370000 - 0x00007ffc67470000 	C:\Windows\System32\ucrtbase.dll
0x00007ffc5c820000 - 0x00007ffc5caba000 	C:\Windows\WinSxS\amd64_microsoft.windows.common-controls_6595b64144ccf1df_6.0.19041.844_none_ca00b6081b84eb1d\COMCTL32.dll
0x00007ffc67ab0000 - 0x00007ffc67ae0000 	C:\Windows\System32\IMM32.DLL
0x0000000063260000 - 0x0000000063332000 	C:\Program Files\Android\Android Studio\jre\jre\bin\msvcr100.dll
0x0000000063340000 - 0x0000000063b8b000 	C:\Program Files\Android\Android Studio\jre\jre\bin\server\jvm.dll
0x00007ffc679f0000 - 0x00007ffc679f8000 	C:\Windows\System32\PSAPI.DLL
0x00007ffc46480000 - 0x00007ffc46489000 	C:\Windows\SYSTEM32\WSOCK32.dll
0x00007ffc5f810000 - 0x00007ffc5f837000 	C:\Windows\SYSTEM32\WINMM.dll
0x00007ffc62020000 - 0x00007ffc6202a000 	C:\Windows\SYSTEM32\VERSION.dll
0x00007ffc68610000 - 0x00007ffc6867b000 	C:\Windows\System32\WS2_32.dll
0x00007ffc5baa0000 - 0x00007ffc5baaf000 	C:\Program Files\Android\Android Studio\jre\jre\bin\verify.dll
0x00007ffc3fd40000 - 0x00007ffc3fd69000 	C:\Program Files\Android\Android Studio\jre\jre\bin\java.dll
0x00007ffc58e20000 - 0x00007ffc58e36000 	C:\Program Files\Android\Android Studio\jre\jre\bin\zip.dll
0x00007ffc67cb0000 - 0x00007ffc683f2000 	C:\Windows\System32\SHELL32.dll
0x00007ffc651e0000 - 0x00007ffc65970000 	C:\Windows\SYSTEM32\windows.storage.dll
0x00007ffc69580000 - 0x00007ffc698d5000 	C:\Windows\System32\combase.dll
0x00007ffc66ae0000 - 0x00007ffc66b0c000 	C:\Windows\SYSTEM32\Wldp.dll
0x00007ffc68b00000 - 0x00007ffc68bae000 	C:\Windows\System32\SHCORE.dll
0x00007ffc68c30000 - 0x00007ffc68c85000 	C:\Windows\System32\shlwapi.dll
0x00007ffc66fb0000 - 0x00007ffc66fcf000 	C:\Windows\SYSTEM32\profapi.dll
0x00007ffc401a0000 - 0x00007ffc401ba000 	C:\Program Files\Android\Android Studio\jre\jre\bin\net.dll
0x00007ffc66850000 - 0x00007ffc668ba000 	C:\Windows\system32\mswsock.dll
0x00007ffc3f860000 - 0x00007ffc3f873000 	C:\Program Files\Android\Android Studio\jre\jre\bin\nio.dll
0x00007ffc3d7e0000 - 0x00007ffc3d807000 	C:\Users\Pramu\.gradle\native\f6784746aeab05261644944871eae4fe03e0ef1612fff0a4a95f87b438bc6780\windows-amd64\native-platform.dll
0x00007ffc589e0000 - 0x00007ffc589ed000 	C:\Program Files\Android\Android Studio\jre\jre\bin\management.dll
0x00007ffc66a30000 - 0x00007ffc66a48000 	C:\Windows\SYSTEM32\CRYPTSP.dll
0x00007ffc66120000 - 0x00007ffc66154000 	C:\Windows\system32\rsaenh.dll
0x00007ffc67070000 - 0x00007ffc67097000 	C:\Windows\System32\bcrypt.dll
0x00007ffc66f70000 - 0x00007ffc66f9e000 	C:\Windows\SYSTEM32\USERENV.dll
0x00007ffc670a0000 - 0x00007ffc67120000 	C:\Windows\System32\bcryptprimitives.dll
0x00007ffc66a20000 - 0x00007ffc66a2c000 	C:\Windows\SYSTEM32\CRYPTBASE.dll
0x00007ffc664d0000 - 0x00007ffc6650b000 	C:\Windows\SYSTEM32\IPHLPAPI.DLL
0x00007ffc698e0000 - 0x00007ffc698e8000 	C:\Windows\System32\NSI.dll
0x00007ffc62170000 - 0x00007ffc62187000 	C:\Windows\SYSTEM32\dhcpcsvc6.DLL
0x00007ffc62150000 - 0x00007ffc6216d000 	C:\Windows\SYSTEM32\dhcpcsvc.DLL
0x00007ffc66510000 - 0x00007ffc665dc000 	C:\Windows\SYSTEM32\DNSAPI.dll
0x00007ffc621f0000 - 0x00007ffc621fb000 	C:\Windows\SYSTEM32\WINNSI.DLL

VM Arguments:
jvm_args: -Xmx2048m -Dfile.encoding=UTF-8 -Duser.country=US -Duser.language=en -Duser.variant 
java_command: org.gradle.launcher.daemon.bootstrap.GradleDaemon 6.5
java_class_path (initial): C:\Users\Pramu\.gradle\wrapper\dists\gradle-6.5-bin\6nifqtx7604sqp1q6g8wikw7p\gradle-6.5\lib\gradle-launcher-6.5.jar
Launcher Type: SUN_STANDARD

Environment Variables:
JAVA_HOME=C:\Users\Pramu\AppData\Local\Programs\AdoptOpenJDK\jdk-11.0.8.10-hotspot\
PATH=C:\Program Files\Common Files\Oracle\Java\javapath;C:\Program Files (x86)\Common Files\Intel\Shared Libraries\redist\intel64\compiler;C:\Windows\system32;C:\Windows;C:\Windows\System32\Wbem;C:\Windows\System32\WindowsPowerShell\v1.0\;C:\Windows\System32\OpenSSH\;C:\Program Files (x86)\NVIDIA Corporation\PhysX\Common;C:\Program Files\NVIDIA Corporation\NVIDIA NvDLISR;C:\Program Files\PuTTY\;C:\Program Files\Git\cmd;C:\ProgramData\ComposerSetup\bin;C:\Program Files\nodejs\;C:\Program Files\IBM\SPSS\Statistics\25\JRE\bin;C:\Program Files\dotnet\;C:\Program Files\Microsoft SQL Server\130\Tools\Binn\;C:\Program Files\Microsoft SQL Server\Client SDK\ODBC\170\Tools\Binn\;C:\Program Files (x86)\Microsoft SQL Server\150\Tools\Binn\;C:\Program Files\Microsoft SQL Server\150\Tools\Binn\;C:\Program Files\Microsoft SQL Server\150\DTS\Binn\;C:\Program Files\Java\jdk-16.0.1\bin;C:\Users\Pramu\AppData\Local\Programs\AdoptOpenJDK\jdk-11.0.8.10-hotspot\bin;C:\Users\Pramu\AppData\Local\Microsoft\WindowsApps;C:\Users\Pramu\AppData\Local\Programs\Microsoft VS Code\bin;C:\Program Files\Git\bin\;C:\Program Files\Git\cmd\;C:\xampp\php\;C:\Users\Pramu\AppData\Roaming\Composer\vendor\bin;C:\Users\Pramu\AppData\Roaming\npm;C:\Users\Pramu\.dotnet\tools;C:\Program Files\Azure Data Studio\bin;C:\Program Files\JetBrains\PhpStorm 2020.3.2\bin;;C:\Program Files\heroku\bin
USERNAME=Pramu
OS=Windows_NT
PROCESSOR_IDENTIFIER=AMD64 Family 23 Model 24 Stepping 1, AuthenticAMD



---------------  S Y S T E M  ---------------

OS: Windows 10.0 , 64 bit Build 19041 (10.0.19041.928)

CPU:total 8 (initial active 8) (8 cores per cpu, 1 threads per core) family 23 model 24 stepping 1, cmov, cx8, fxsr, mmx, sse, sse2, sse3, ssse3, sse4.1, sse4.2, popcnt, avx, avx2, aes, clmul, mmxext, 3dnowpref, lzcnt, sse4a, tsc, tscinvbit, tscinv, bmi1

Memory: 4k page, physical 16722560k(5010892k free), swap 16722560k(5896k free)

vm_info: OpenJDK 64-Bit Server VM (25.242-b01) for windows-amd64 JRE (1.8.0_242-release-1644-b01), built by "builder" with MS VC++ 10.0 (VS2010)

time: Wed Jun 02 21:57:24 2021
timezone: Sri Lanka Standard Time
elapsed time: 169 seconds (0d 0h 2m 49s)

